\BOOKMARK [1][-]{section.1}{Einleitung}{}% 1
\BOOKMARK [1][-]{section.2}{Theoretische Grundlagen}{}% 2
\BOOKMARK [2][-]{subsection.2.1}{Synthese von Nanopartikeln}{section.2}% 3
\BOOKMARK [2][-]{subsection.2.2}{Halbleiternanopartikel \046 Gr\366\337enquantisierungseffekt}{section.2}% 4
\BOOKMARK [2][-]{subsection.2.3}{Metallnanopartikel \046 Oberfl\344chenplasmonen}{section.2}% 5
\BOOKMARK [2][-]{subsection.2.4}{Metall-Halbleiter-Nanopartikel}{section.2}% 6
\BOOKMARK [2][-]{subsection.2.5}{Nanopartikelbasierte Gele}{section.2}% 7
\BOOKMARK [2][-]{subsection.2.6}{Metall-Halbleiter-Gele}{section.2}% 8
\BOOKMARK [1][-]{section.3}{Analytische Methoden}{}% 9
\BOOKMARK [2][-]{subsection.3.1}{Absorptionsspektroskopie}{section.3}% 10
\BOOKMARK [2][-]{subsection.3.2}{R\366ntgenpulverdiffraktometrie \(XRD\)}{section.3}% 11
\BOOKMARK [2][-]{subsection.3.3}{Transmissionselektronenmikroskopie \(TEM\)}{section.3}% 12
\BOOKMARK [2][-]{subsection.3.4}{Atomabsorptionsspektroskopie \(AAS\)}{section.3}% 13
\BOOKMARK [1][-]{section.4}{Experimentalteil}{}% 14
\BOOKMARK [2][-]{subsection.4.1}{Chemikalien}{section.4}% 15
\BOOKMARK [2][-]{subsection.4.2}{Synthese von Kupfersulfid durch Single-Source-Precurser}{section.4}% 16
\BOOKMARK [3][-]{subsubsection.4.2.1}{Synthese des Single-Source-Precursors Cu[DDTC]2}{subsection.4.2}% 17
\BOOKMARK [3][-]{subsubsection.4.2.2}{Herstellung Metallsulfid}{subsection.4.2}% 18
\BOOKMARK [2][-]{subsection.4.3}{Synthese von CuS mit Cu[DDTC]2 und CuCl2}{section.4}% 19
\BOOKMARK [2][-]{subsection.4.4}{Synthese von Kupfersulfid in Anwesenheit von Goldnanopartikeln}{section.4}% 20
\BOOKMARK [2][-]{subsection.4.5}{Herstellung von Gelen}{section.4}% 21
\BOOKMARK [3][-]{subsubsection.4.5.1}{Herstellung von Hydrogelen durch Yttrium und Ytterbium}{subsection.4.5}% 22
\BOOKMARK [3][-]{subsubsection.4.5.2}{Herstellung von citratstabilisierten Hydrogelen}{subsection.4.5}% 23
\BOOKMARK [3][-]{subsubsection.4.5.3}{Ethanolischer Ansatz f\374r direkte Synthese von Gelen}{subsection.4.5}% 24
\BOOKMARK [2][-]{subsection.4.6}{Phasentransfer der Gele}{section.4}% 25
\BOOKMARK [3][-]{subsubsection.4.6.1}{Citratstabilisierte Gele}{subsection.4.6}% 26
\BOOKMARK [3][-]{subsubsection.4.6.2}{Gele durch Zugabe von Yttrium und Ytterbium}{subsection.4.6}% 27
\BOOKMARK [2][-]{subsection.4.7}{Synthese von Kupfersulfid in Anwesenheit von Gelen}{section.4}% 28
\BOOKMARK [3][-]{subsubsection.4.7.1}{Variationen der Synthese}{subsection.4.7}% 29
\BOOKMARK [1][-]{section.5}{Messungen und Auswertung}{}% 30
\BOOKMARK [2][-]{subsection.5.1}{Synthese Kupfersulfidnanopartikel}{section.5}% 31
\BOOKMARK [2][-]{subsection.5.2}{Synthese Goldnanopartikel}{section.5}% 32
\BOOKMARK [2][-]{subsection.5.3}{Synthese von CuS mit Cu[DDTC]2 und CuCl2}{section.5}% 33
\BOOKMARK [2][-]{subsection.5.4}{Synthese von Kupfersulfid in Anwesenheit von Goldnanopartikeln}{section.5}% 34
\BOOKMARK [2][-]{subsection.5.5}{Synthese der Gele}{section.5}% 35
\BOOKMARK [3][-]{subsubsection.5.5.1}{Untersuchung von Hydrogelen durch Yttrium und Ytterbium}{subsection.5.5}% 36
\BOOKMARK [3][-]{subsubsection.5.5.2}{Untersuchung von citratstabilisierten Gelen}{subsection.5.5}% 37
\BOOKMARK [3][-]{subsubsection.5.5.3}{Untersuchung der Gele aus ethanolischem Ansatz}{subsection.5.5}% 38
\BOOKMARK [2][-]{subsection.5.6}{Untersuchung der Metallsulfidsynthese in Anwesenheit von Gelen}{section.5}% 39
\BOOKMARK [3][-]{subsubsection.5.6.1}{Einfluss der Reaktionstemperatur}{subsection.5.6}% 40
\BOOKMARK [3][-]{subsubsection.5.6.2}{Variation des Kations}{subsection.5.6}% 41
\BOOKMARK [3][-]{subsubsection.5.6.3}{Zusatz von Chloridionen}{subsection.5.6}% 42
\BOOKMARK [3][-]{subsubsection.5.6.4}{Variation der Konzentration}{subsection.5.6}% 43
\BOOKMARK [3][-]{subsubsection.5.6.5}{Variation des Gels}{subsection.5.6}% 44
\BOOKMARK [1][-]{section.6}{Zusammenfassung}{}% 45
\BOOKMARK [1][-]{section.7}{Literatur}{}% 46
\BOOKMARK [1][-]{section.8}{Anhang}{}% 47
\BOOKMARK [1][-]{section*.63}{Abbildungsverzeichnis}{}% 48
\BOOKMARK [1][-]{section*.64}{Tabellenverzeichnis}{}% 49
